<?xml version="1.0" encoding="UTF-8"?>
<!-- Generated by org.testng.reporters.JUnitXMLReporter -->
<testsuite ignored="0" hostname="LTIN496995" failures="0" tests="1" name="Test" time="0.062" errors="0" timestamp="2026-01-30T17:40:50 IST">
  <testcase classname="BasePackage.BaseClass" name="@BeforeTest driverSetup" time="0.009">
    <failure type="java.lang.NullPointerException" message="Cannot invoke &amp;quot;java.util.Properties.load(java.io.Reader)&amp;quot; because &amp;quot;BasePackage.BaseClass.prop&amp;quot; is null">
      <![CDATA[java.lang.NullPointerException: Cannot invoke "java.util.Properties.load(java.io.Reader)" because "BasePackage.BaseClass.prop" is null
at BasePackage.BaseClass.driverSetup(BaseClass.java:35)
... Removed 22 stack frames]]>
    </failure>
  </testcase> <!-- @BeforeTest driverSetup -->
  <testcase classname="BasePackage.BaseClass" name="@AfterTest driverClose" time="-1.769775050764E9">
    <skipped/>
  </testcase> <!-- @AfterTest driverClose -->
  <testcase classname="TestCases.TC_001_Capturing_Featured_devices_info" name="capture_featured_products" time="0.0">
    <skipped/>
  </testcase> <!-- capture_featured_products -->
</testsuite> <!-- Test -->
