<?xml version="1.0" encoding="UTF-8"?>
<!-- Generated by org.testng.reporters.JUnitXMLReporter -->
<testsuite ignored="0" hostname="LTIN496995" failures="0" tests="2" name="Test1" time="75.5" errors="0" timestamp="2026-04-05T17:21:06 IST">
  <testcase classname="TestCases.TC_001_Capturing_Featured_devices_info" name="createCustomer" time="22.886"/>
  <testcase classname="TestCases.TC_001_Capturing_Featured_devices_info" name="capture_featured_products" time="26.214"/>
</testsuite> <!-- Test1 -->
