<?xml version="1.0" encoding="UTF-8"?>
<!-- Generated by org.testng.reporters.JUnitXMLReporter -->
<testsuite ignored="0" hostname="DESKTOP-80JV6RU" failures="0" tests="2" name="Test1" time="38.492" errors="0" timestamp="2026-04-07T18:42:57 IST">
  <testcase classname="TestCases.TC_001_Capturing_Featured_devices_info" name="createCustomer" time="17.077"/>
  <testcase classname="TestCases.TC_001_Capturing_Featured_devices_info" name="capture_featured_products" time="10.206"/>
</testsuite> <!-- Test1 -->
