<?xml version="1.0" encoding="UTF-8"?>
<testng-results ignored="0" total="2" passed="2" failed="0" skipped="0">
  <reporter-output>
  </reporter-output>
  <suite started-at="2026-04-07T18:42:17 IST" name="Suite" finished-at="2026-04-07T18:42:55 IST" duration-ms="38492">
    <groups>
    </groups>
    <test started-at="2026-04-07T18:42:17 IST" name="Test1" finished-at="2026-04-07T18:42:55 IST" duration-ms="38492">
      <class name="TestCases.TC_001_Capturing_Featured_devices_info">
        <test-method is-config="true" signature="driverSetup(java.lang.String)[pri:0, instance:TestCases.TC_001_Capturing_Featured_devices_info@1869fbd2]" started-at="2026-04-07T18:42:17 IST" name="driverSetup" finished-at="2026-04-07T18:42:27 IST" duration-ms="9978" status="PASS">
          <params>
            <param index="0">
              <value>
                <![CDATA[product_info]]>
              </value>
            </param>
          </params>
          <reporter-output>
          </reporter-output>
        </test-method> <!-- driverSetup -->
        <test-method signature="createCustomer()[pri:1, instance:TestCases.TC_001_Capturing_Featured_devices_info@1869fbd2]" started-at="2026-04-07T18:42:27 IST" name="createCustomer" finished-at="2026-04-07T18:42:44 IST" duration-ms="17077" status="PASS">
          <reporter-output>
          </reporter-output>
        </test-method> <!-- createCustomer -->
        <test-method signature="capture_featured_products()[pri:2, instance:TestCases.TC_001_Capturing_Featured_devices_info@1869fbd2]" started-at="2026-04-07T18:42:44 IST" name="capture_featured_products" finished-at="2026-04-07T18:42:54 IST" duration-ms="10206" status="PASS">
          <reporter-output>
          </reporter-output>
        </test-method> <!-- capture_featured_products -->
        <test-method is-config="true" signature="driverClose(java.lang.String)[pri:0, instance:TestCases.TC_001_Capturing_Featured_devices_info@1869fbd2]" started-at="2026-04-07T18:42:55 IST" name="driverClose" finished-at="2026-04-07T18:42:55 IST" duration-ms="455" status="PASS">
          <params>
            <param index="0">
              <value>
                <![CDATA[product_info]]>
              </value>
            </param>
          </params>
          <reporter-output>
          </reporter-output>
        </test-method> <!-- driverClose -->
      </class> <!-- TestCases.TC_001_Capturing_Featured_devices_info -->
    </test> <!-- Test1 -->
  </suite> <!-- Suite -->
</testng-results>
