<?xml version="1.0" encoding="UTF-8"?>
<testng-results ignored="0" total="2" passed="2" failed="0" skipped="0">
  <reporter-output>
  </reporter-output>
  <suite started-at="2026-04-06T18:54:18 IST" name="Suite" finished-at="2026-04-06T18:55:14 IST" duration-ms="56433">
    <groups>
    </groups>
    <test started-at="2026-04-06T18:54:18 IST" name="Test1" finished-at="2026-04-06T18:55:14 IST" duration-ms="56433">
      <class name="TestCases.TC_001_Capturing_Featured_devices_info">
        <test-method is-config="true" signature="driverSetup(java.lang.String)[pri:0, instance:TestCases.TC_001_Capturing_Featured_devices_info@172b013]" started-at="2026-04-06T18:54:18 IST" name="driverSetup" finished-at="2026-04-06T18:54:28 IST" duration-ms="10385" status="PASS">
          <params>
            <param index="0">
              <value>
                <![CDATA[product_info]]>
              </value>
            </param>
          </params>
          <reporter-output>
          </reporter-output>
        </test-method> <!-- driverSetup -->
        <test-method signature="createCustomer()[pri:1, instance:TestCases.TC_001_Capturing_Featured_devices_info@172b013]" started-at="2026-04-06T18:54:28 IST" name="createCustomer" finished-at="2026-04-06T18:54:47 IST" duration-ms="19022" status="PASS">
          <reporter-output>
          </reporter-output>
        </test-method> <!-- createCustomer -->
        <test-method signature="capture_featured_products()[pri:2, instance:TestCases.TC_001_Capturing_Featured_devices_info@172b013]" started-at="2026-04-06T18:54:47 IST" name="capture_featured_products" finished-at="2026-04-06T18:55:09 IST" duration-ms="21681" status="PASS">
          <reporter-output>
          </reporter-output>
        </test-method> <!-- capture_featured_products -->
        <test-method is-config="true" signature="driverClose(java.lang.String)[pri:0, instance:TestCases.TC_001_Capturing_Featured_devices_info@172b013]" started-at="2026-04-06T18:55:09 IST" name="driverClose" finished-at="2026-04-06T18:55:14 IST" duration-ms="4735" status="PASS">
          <params>
            <param index="0">
              <value>
                <![CDATA[product_info]]>
              </value>
            </param>
          </params>
          <reporter-output>
          </reporter-output>
        </test-method> <!-- driverClose -->
      </class> <!-- TestCases.TC_001_Capturing_Featured_devices_info -->
    </test> <!-- Test1 -->
  </suite> <!-- Suite -->
</testng-results>
