<?xml version="1.0" encoding="UTF-8"?>
<!-- Generated by org.testng.reporters.JUnitReportReporter -->
<testsuite hostname="LTIN496995" failures="0" tests="2" name="TestCases.TC_001_Capturing_Featured_devices_info" time="49.100" errors="0" timestamp="2026-04-05T17:21:07 IST" skipped="0">
  <testcase classname="TestCases.TC_001_Capturing_Featured_devices_info" name="createCustomer" time="22.886"/>
  <system-out/>
  <testcase classname="TestCases.TC_001_Capturing_Featured_devices_info" name="capture_featured_products" time="26.214"/>
  <system-out/>
</testsuite> <!-- TestCases.TC_001_Capturing_Featured_devices_info -->
