<?xml version="1.0" encoding="UTF-8"?>
<!-- Generated by org.testng.reporters.JUnitReportReporter -->
<testsuite hostname="DESKTOP-80JV6RU" failures="0" tests="2" name="TestCases.TC_001_Capturing_Featured_devices_info" time="27.283" errors="0" timestamp="2026-04-07T18:42:57 IST" skipped="0">
  <testcase classname="TestCases.TC_001_Capturing_Featured_devices_info" name="createCustomer" time="17.077"/>
  <testcase classname="TestCases.TC_001_Capturing_Featured_devices_info" name="capture_featured_products" time="10.206"/>
</testsuite> <!-- TestCases.TC_001_Capturing_Featured_devices_info -->
