<?xml version="1.0" encoding="UTF-8"?>
<!-- Generated by org.testng.reporters.JUnitReportReporter -->
<testsuite hostname="LTIN496995" failures="0" tests="2" name="TestCases.TC_001_Capturing_Featured_devices_info" time="40.703" errors="0" timestamp="2026-04-06T18:55:19 IST" skipped="0">
  <testcase classname="TestCases.TC_001_Capturing_Featured_devices_info" name="createCustomer" time="19.022"/>
  <testcase classname="TestCases.TC_001_Capturing_Featured_devices_info" name="capture_featured_products" time="21.681"/>
</testsuite> <!-- TestCases.TC_001_Capturing_Featured_devices_info -->
